[INFO ] 2024-03-12 11:14:26.596 [main] StepDef - setUp1 executed....
[INFO ] 2024-03-12 11:14:26.632 [main] StepDef - Browser is launch....
[INFO ] 2024-03-12 11:14:27.433 [main] StepDef - Url is Open....
[INFO ] 2024-03-12 11:14:27.833 [main] StepDef - User enters email and password....
[INFO ] 2024-03-12 11:14:29.662 [main] StepDef - User clicks on login button.....
[WARN ] 2024-03-12 11:14:29.709 [main] StepDef - :Test Passed :Login feature :Page title matched....
[INFO ] 2024-03-12 11:14:36.353 [main] StepDef - User clicks on logout button....
[WARN ] 2024-03-12 11:14:36.403 [main] StepDef - :Test Passed :Login feature :Page title matched....
[INFO ] 2024-03-14 17:37:19.566 [main] StepDef - setUp1 executed....
[INFO ] 2024-03-14 17:37:19.650 [main] StepDef - Browser is launch....
[INFO ] 2024-03-14 17:37:21.283 [main] StepDef - Url is Open....
[INFO ] 2024-03-14 17:37:22.889 [main] StepDef - User enters email and password....
[INFO ] 2024-03-14 17:37:26.427 [main] StepDef - User clicks on login button.....
[WARN ] 2024-03-14 17:37:29.606 [main] StepDef - :Test Passed :Login feature :Page title matched....
[INFO ] 2024-03-14 17:37:36.514 [main] StepDef - User clicks on logout button....
[WARN ] 2024-03-14 17:37:36.534 [main] StepDef - :Test Passed :Login feature :Page title matched....
[INFO ] 2024-03-15 10:39:35.052 [main] StepDef - setUp1 executed....
[INFO ] 2024-03-15 10:39:35.192 [main] StepDef - Browser is launch....
[INFO ] 2024-03-15 10:39:37.119 [main] StepDef - Url is Open....
[INFO ] 2024-03-15 10:39:37.769 [main] StepDef - User enters email and password....
[INFO ] 2024-03-15 10:39:39.432 [main] StepDef - User clicks on login button.....
[WARN ] 2024-03-15 10:39:40.953 [main] StepDef - :Test Passed :Login feature :Page title matched....
[INFO ] 2024-03-15 10:39:47.923 [main] StepDef - User clicks on logout button....
[WARN ] 2024-03-15 10:39:48.101 [main] StepDef - :Test Passed :Login feature :Page title matched....
[INFO ] 2024-03-15 10:46:24.203 [main] StepDef - setUp1 executed....
[INFO ] 2024-03-15 10:46:24.245 [main] StepDef - Browser is launch....
[INFO ] 2024-03-15 10:46:25.852 [main] StepDef - Url is Open....
[INFO ] 2024-03-15 10:46:26.228 [main] StepDef - User enters email and password....
[INFO ] 2024-03-15 10:46:28.189 [main] StepDef - User clicks on login button.....
[WARN ] 2024-03-15 10:46:29.532 [main] StepDef - :Test Passed :Login feature :Page title matched....
